69.833000183105469, 22.580999374389648: Ocean: -5.0
69.626296997070312, 22.612600326538086: Ocean: -3.0
69.647102355957031, 22.657499313354492: Ocean: -6.0
69.833000183105469, 22.580999374389648: Ocean: -5.0
69.647102355957031, 22.657499313354492: Ocean: -6.0
69.651397705078125, 22.660499572753906: Ocean: -2.0
69.833000183105469, 22.580999374389648: Ocean: -5.0
69.651397705078125, 22.660499572753906: Ocean: -2.0
69.708900451660156, 22.686300277709961: Ocean: -6.0
69.833000183105469, 22.580999374389648: Ocean: -5.0
69.708900451660156, 22.686300277709961: Ocean: -6.0
69.711601257324219, 22.687500000000000: Ocean: -6.0
69.833000183105469, 22.580999374389648: Ocean: -5.0
69.711601257324219, 22.687500000000000: Ocean: -6.0
69.810096740722656, 22.715799331665039: Ocean: -9.0
69.833000183105469, 22.580999374389648: Ocean: -5.0
69.810096740722656, 22.715799331665039: Ocean: -9.0
69.857498168945312, 22.729200363159180: Ocean: -7.0
69.833000183105469, 22.580999374389648: Ocean: -5.0
69.857498168945312, 22.729200363159180: Ocean: -7.0
69.866996765136719, 22.730600357055664: Ocean: -7.0
69.833000183105469, 22.580999374389648: Ocean: -5.0
69.866996765136719, 22.730600357055664: Ocean: -7.0
69.868301391601562, 22.730600357055664: Ocean: -7.0
69.833000183105469, 22.580999374389648: Ocean: -5.0
69.868301391601562, 22.730600357055664: Ocean: -7.0
69.876296997070312, 22.729700088500977: Ocean: -8.0
69.833000183105469, 22.580999374389648: Ocean: -5.0
69.876296997070312, 22.729700088500977: Ocean: -8.0
69.884803771972656, 22.728099822998047: Ocean: -8.0
69.833000183105469, 22.580999374389648: Ocean: -5.0
69.884803771972656, 22.728099822998047: Ocean: -8.0
69.949302673339844, 22.684499740600586: Ocean: -8.0
69.833000183105469, 22.580999374389648: Ocean: -5.0
69.949302673339844, 22.684499740600586: Ocean: -8.0
69.988197326660156, 22.653400421142578: Ocean: -2.0
69.833000183105469, 22.580999374389648: Ocean: -5.0
69.988197326660156, 22.653400421142578: Ocean: -2.0
69.989700317382812, 22.650699615478516: Ocean: -2.0
69.833000183105469, 22.580999374389648: Ocean: -5.0
69.989700317382812, 22.650699615478516: Ocean: -2.0
70.003997802734375, 22.593500137329102: Ocean: -1.0
69.833000183105469, 22.580999374389648: Ocean: -5.0
70.003997802734375, 22.593500137329102: Ocean: -1.0
70.000198364257812, 22.568899154663086: Land: 3.0
69.833000183105469, 22.580999374389648: Ocean: -5.0
70.000198364257812, 22.568899154663086: Land: 3.0
69.968002319335938, 22.537099838256836: Land: 2.0
69.833000183105469, 22.580999374389648: Ocean: -5.0
69.968002319335938, 22.537099838256836: Land: 2.0
69.868499755859375, 22.470600128173828: Ocean: -1.0
69.833000183105469, 22.580999374389648: Ocean: -5.0
69.868499755859375, 22.470600128173828: Ocean: -1.0
69.833099365234375, 22.449600219726562: Land: 0.0
69.833000183105469, 22.580999374389648: Ocean: -5.0
69.833099365234375, 22.449600219726562: Land: 0.0
69.771598815917969, 22.437400817871094: Ocean: -1.0
69.833000183105469, 22.580999374389648: Ocean: -5.0
69.771598815917969, 22.437400817871094: Ocean: -1.0
69.768600463867188, 22.437200546264648: Ocean: -1.0
69.833000183105469, 22.580999374389648: Ocean: -5.0
69.768600463867188, 22.437200546264648: Ocean: -1.0
69.762100219726562, 22.437700271606445: Ocean: -1.0
69.833000183105469, 22.580999374389648: Ocean: -5.0
69.762100219726562, 22.437700271606445: Ocean: -1.0
69.642196655273438, 22.462900161743164: Ocean: -2.0
69.833000183105469, 22.580999374389648: Ocean: -5.0
69.642196655273438, 22.462900161743164: Ocean: -2.0
69.630599975585938, 22.493499755859375: Ocean: -3.0
69.833000183105469, 22.580999374389648: Ocean: -5.0
69.630599975585938, 22.493499755859375: Ocean: -3.0
69.626296997070312, 22.612600326538086: Ocean: -3.0
69.833000183105469, 22.580999374389648: Ocean: -5.0
